<?xml version="1.0" encoding="UTF-8"?>
<!-- Generated by org.testng.reporters.JUnitXMLReporter -->
<testsuite hostname="PUNasarkar7WJHC9.local" ignored="0" name="Default test" tests="2" failures="0" timestamp="2019-10-21T17:44:47 IST" time="61.726" errors="0">
  <testcase name="verifyContactsLabel" time="0.065" classname="com.aut.qa.testScripts.ContactsPageTest"/>
  <testcase name="selectContactsName" time="5.071" classname="com.aut.qa.testScripts.ContactsPageTest"/>
</testsuite> <!-- Default test -->
