<?xml version="1.0" encoding="UTF-8"?>
<!-- Generated by org.testng.reporters.JUnitXMLReporter -->
<testsuite hostname="PUNasarkar7WJHC9.local" ignored="0" name="Default test" tests="3" failures="0" timestamp="2019-10-25T21:47:05 IST" time="42.58" errors="0">
  <testcase name="verifyContactsLabel" time="1.413" classname="com.aut.qa.testScripts.ContactsPageTest"/>
  <testcase name="selectContactsName" time="1.126" classname="com.aut.qa.testScripts.ContactsPageTest"/>
  <testcase name="validateCreateNewContact" time="2.092" classname="com.aut.qa.testScripts.ContactsPageTest"/>
</testsuite> <!-- Default test -->
