<?xml version="1.0" encoding="UTF-8"?>
<!-- Generated by org.testng.reporters.JUnitXMLReporter -->
<testsuite hostname="PUNasarkar7WJHC9.local" ignored="0" name="Automation Scripts" tests="3" failures="0" timestamp="2019-10-30T19:07:30 IST" time="35.317" errors="0">
  <testcase name="loginPagetitleTest" time="0.02" classname="com.aut.qa.testScripts.LoginPageTest"/>
  <testcase name="CRMImageTest" time="0.068" classname="com.aut.qa.testScripts.LoginPageTest"/>
  <testcase name="loginTest" time="11.8" classname="com.aut.qa.testScripts.LoginPageTest"/>
</testsuite> <!-- Automation Scripts -->
