<?xml version="1.0" encoding="UTF-8"?>
<!-- Generated by org.testng.reporters.JUnitXMLReporter -->
<testsuite hostname="PUNasarkar7WJHC9.local" ignored="0" name="Automation Scripts" tests="10" failures="0" timestamp="2019-10-30T12:47:48 IST" time="174.107" errors="0">
  <testcase name="loginPagetitleTest" time="0.013" classname="com.aut.qa.testScripts.LoginPageTest"/>
  <testcase name="CRMImageTest" time="0.042" classname="com.aut.qa.testScripts.LoginPageTest"/>
  <testcase name="loginTest" time="11.155" classname="com.aut.qa.testScripts.LoginPageTest"/>
  <testcase name="homePagetitleTest" time="0.007" classname="com.aut.qa.testScripts.HomePageTest"/>
  <testcase name="verifyContactLinkTest" time="0.112" classname="com.aut.qa.testScripts.HomePageTest"/>
  <testcase name="UserNameDisplayTest" time="0.055" classname="com.aut.qa.testScripts.HomePageTest"/>
  <testcase name="verifyUserNametest" time="0.053" classname="com.aut.qa.testScripts.HomePageTest"/>
  <testcase name="verifyContactsLabel" time="1.12" classname="com.aut.qa.testScripts.ContactsPageTest"/>
  <testcase name="selectContactsName" time="1.697" classname="com.aut.qa.testScripts.ContactsPageTest"/>
  <testcase name="validateCreateNewContact" time="2.042" classname="com.aut.qa.testScripts.ContactsPageTest"/>
</testsuite> <!-- Automation Scripts -->
