<?xml version="1.0" encoding="UTF-8"?>
<!-- Generated by org.testng.reporters.JUnitXMLReporter -->
<testsuite hostname="PUNasarkar7WJHC9.local" ignored="0" name="Module 3" tests="6" failures="0" timestamp="2019-09-01T11:38:09 IST" time="0.022" errors="0">
  <testcase name="test1" time="0.001" classname="basicAnnotations.M3.Scenario_5"/>
  <testcase name="test2" time="0.001" classname="basicAnnotations.M3.Scenario_5"/>
  <testcase name="test3" time="0.001" classname="basicAnnotations.M3.Scenario_5"/>
  <testcase name="test1" time="0.001" classname="basicAnnotations.M3.Scenario_6"/>
  <testcase name="test2" time="0.001" classname="basicAnnotations.M3.Scenario_6"/>
  <testcase name="test3" time="0.001" classname="basicAnnotations.M3.Scenario_6"/>
</testsuite> <!-- Module 3 -->
