<?xml version="1.0" encoding="UTF-8"?>
<!-- Generated by org.testng.reporters.JUnitXMLReporter -->
<testsuite hostname="PUNasarkar7WJHC9.local" ignored="0" name="Module 1" tests="6" failures="0" timestamp="2019-09-01T11:38:09 IST" time="0.058" errors="0">
  <testcase name="test1" time="0.005" classname="basicAnnotations.M1.Scenario_1"/>
  <testcase name="test2" time="0.005" classname="basicAnnotations.M1.Scenario_1"/>
  <testcase name="test3" time="0.002" classname="basicAnnotations.M1.Scenario_1"/>
  <testcase name="test1" time="0.002" classname="basicAnnotations.M1.Scenario_2"/>
  <testcase name="test2" time="0.002" classname="basicAnnotations.M1.Scenario_2"/>
  <testcase name="test3" time="0.002" classname="basicAnnotations.M1.Scenario_2"/>
</testsuite> <!-- Module 1 -->
