<?xml version="1.0" encoding="UTF-8"?>
<!-- Generated by org.testng.reporters.JUnitXMLReporter -->
<testsuite hostname="PUNasarkar7WJHC9.local" ignored="0" name="Module 2" tests="6" failures="0" timestamp="2019-09-01T11:38:09 IST" time="0.03" errors="0">
  <testcase name="test1" time="0.001" classname="basicAnnotations.M2.Scenario_3"/>
  <testcase name="test2" time="0.001" classname="basicAnnotations.M2.Scenario_3"/>
  <testcase name="test3" time="0.002" classname="basicAnnotations.M2.Scenario_3"/>
  <testcase name="test1" time="0.001" classname="basicAnnotations.M2.Scenario_4"/>
  <testcase name="test2" time="0.004" classname="basicAnnotations.M2.Scenario_4"/>
  <testcase name="test3" time="0.002" classname="basicAnnotations.M2.Scenario_4"/>
</testsuite> <!-- Module 2 -->
