<?xml version="1.0" encoding="UTF-8"?>
<!-- Generated by org.testng.reporters.JUnitXMLReporter -->
<testsuite hostname="PUNasarkar7WJHC9.local" ignored="0" name="Test" tests="6" failures="0" timestamp="2019-09-01T11:11:38 IST" time="0.066" errors="0">
  <testcase name="test1" time="0.008" classname="basicAnnotations.M1.Scenario_1"/>
  <testcase name="test2" time="0.001" classname="basicAnnotations.M1.Scenario_1"/>
  <testcase name="test3" time="0.001" classname="basicAnnotations.M1.Scenario_1"/>
  <testcase name="test1" time="0.0" classname="basicAnnotations.M1.Scenario_2"/>
  <testcase name="test2" time="0.001" classname="basicAnnotations.M1.Scenario_2"/>
  <testcase name="test3" time="0.0" classname="basicAnnotations.M1.Scenario_2"/>
</testsuite> <!-- Test -->
