<?xml version="1.0" encoding="UTF-8"?>
<testng-results skipped="0" failed="0" ignored="0" total="3" passed="3">
  <reporter-output>
  </reporter-output>
  <suite name="Default suite" duration-ms="42580" started-at="2019-10-25T21:46:22 IST" finished-at="2019-10-25T21:47:05 IST">
    <groups>
    </groups>
    <test name="Default test" duration-ms="42580" started-at="2019-10-25T21:46:22 IST" finished-at="2019-10-25T21:47:05 IST">
      <class name="com.aut.qa.testScripts.ContactsPageTest">
        <test-method status="PASS" signature="setUp()[pri:0, instance:com.aut.qa.testScripts.ContactsPageTest@4bbfb90a]" name="setUp" is-config="true" duration-ms="12861" started-at="2019-10-25T21:46:22 IST" finished-at="2019-10-25T21:46:35 IST">
          <reporter-output>
          </reporter-output>
        </test-method> <!-- setUp -->
        <test-method status="PASS" signature="verifyContactsLabel()[pri:0, instance:com.aut.qa.testScripts.ContactsPageTest@4bbfb90a]" name="verifyContactsLabel" duration-ms="1413" started-at="2019-10-25T21:46:35 IST" finished-at="2019-10-25T21:46:37 IST">
          <reporter-output>
          </reporter-output>
        </test-method> <!-- verifyContactsLabel -->
        <test-method status="PASS" signature="tearDown()[pri:0, instance:com.aut.qa.testScripts.ContactsPageTest@4bbfb90a]" name="tearDown" is-config="true" duration-ms="134" started-at="2019-10-25T21:46:37 IST" finished-at="2019-10-25T21:46:37 IST">
          <reporter-output>
          </reporter-output>
        </test-method> <!-- tearDown -->
        <test-method status="PASS" signature="setUp()[pri:0, instance:com.aut.qa.testScripts.ContactsPageTest@4bbfb90a]" name="setUp" is-config="true" duration-ms="12109" started-at="2019-10-25T21:46:37 IST" finished-at="2019-10-25T21:46:49 IST">
          <reporter-output>
          </reporter-output>
        </test-method> <!-- setUp -->
        <test-method status="PASS" signature="selectContactsName()[pri:1, instance:com.aut.qa.testScripts.ContactsPageTest@4bbfb90a]" name="selectContactsName" duration-ms="1126" started-at="2019-10-25T21:46:49 IST" finished-at="2019-10-25T21:46:50 IST">
          <reporter-output>
          </reporter-output>
        </test-method> <!-- selectContactsName -->
        <test-method status="PASS" signature="tearDown()[pri:0, instance:com.aut.qa.testScripts.ContactsPageTest@4bbfb90a]" name="tearDown" is-config="true" duration-ms="115" started-at="2019-10-25T21:46:50 IST" finished-at="2019-10-25T21:46:50 IST">
          <reporter-output>
          </reporter-output>
        </test-method> <!-- tearDown -->
        <test-method status="PASS" signature="setUp()[pri:0, instance:com.aut.qa.testScripts.ContactsPageTest@4bbfb90a]" name="setUp" is-config="true" duration-ms="12573" started-at="2019-10-25T21:46:50 IST" finished-at="2019-10-25T21:47:03 IST">
          <reporter-output>
          </reporter-output>
        </test-method> <!-- setUp -->
        <test-method status="PASS" signature="validateCreateNewContact()[pri:2, instance:com.aut.qa.testScripts.ContactsPageTest@4bbfb90a]" name="validateCreateNewContact" duration-ms="2092" started-at="2019-10-25T21:47:03 IST" finished-at="2019-10-25T21:47:05 IST">
          <reporter-output>
          </reporter-output>
        </test-method> <!-- validateCreateNewContact -->
        <test-method status="PASS" signature="tearDown()[pri:0, instance:com.aut.qa.testScripts.ContactsPageTest@4bbfb90a]" name="tearDown" is-config="true" duration-ms="118" started-at="2019-10-25T21:47:05 IST" finished-at="2019-10-25T21:47:05 IST">
          <reporter-output>
          </reporter-output>
        </test-method> <!-- tearDown -->
      </class> <!-- com.aut.qa.testScripts.ContactsPageTest -->
    </test> <!-- Default test -->
  </suite> <!-- Default suite -->
</testng-results>
