<?xml version="1.0" encoding="UTF-8"?>
<testng-results skipped="0" failed="0" ignored="0" total="10" passed="10">
  <reporter-output>
  </reporter-output>
  <suite name="CRM Automation" duration-ms="174107" started-at="2019-10-30T12:44:54 IST" finished-at="2019-10-30T12:47:48 IST">
    <groups>
    </groups>
    <test name="Automation Scripts" duration-ms="174107" started-at="2019-10-30T12:44:54 IST" finished-at="2019-10-30T12:47:48 IST">
      <class name="com.aut.qa.testScripts.HomePageTest">
        <test-method status="PASS" signature="setUp()[pri:0, instance:com.aut.qa.testScripts.HomePageTest@29b5cd00]" name="setUp" is-config="true" duration-ms="18453" started-at="2019-10-30T12:45:32 IST" finished-at="2019-10-30T12:45:51 IST">
          <reporter-output>
          </reporter-output>
        </test-method> <!-- setUp -->
        <test-method status="PASS" signature="homePagetitleTest()[pri:0, instance:com.aut.qa.testScripts.HomePageTest@29b5cd00]" name="homePagetitleTest" duration-ms="7" started-at="2019-10-30T12:45:51 IST" finished-at="2019-10-30T12:45:51 IST">
          <reporter-output>
          </reporter-output>
        </test-method> <!-- homePagetitleTest -->
        <test-method status="PASS" signature="tearDown()[pri:0, instance:com.aut.qa.testScripts.HomePageTest@29b5cd00]" name="tearDown" is-config="true" duration-ms="145" started-at="2019-10-30T12:45:51 IST" finished-at="2019-10-30T12:45:51 IST">
          <reporter-output>
          </reporter-output>
        </test-method> <!-- tearDown -->
        <test-method status="PASS" signature="setUp()[pri:0, instance:com.aut.qa.testScripts.HomePageTest@29b5cd00]" name="setUp" is-config="true" duration-ms="17283" started-at="2019-10-30T12:45:51 IST" finished-at="2019-10-30T12:46:08 IST">
          <reporter-output>
          </reporter-output>
        </test-method> <!-- setUp -->
        <test-method status="PASS" signature="verifyContactLinkTest()[pri:0, instance:com.aut.qa.testScripts.HomePageTest@29b5cd00]" name="verifyContactLinkTest" duration-ms="112" started-at="2019-10-30T12:46:08 IST" finished-at="2019-10-30T12:46:08 IST">
          <reporter-output>
          </reporter-output>
        </test-method> <!-- verifyContactLinkTest -->
        <test-method status="PASS" signature="tearDown()[pri:0, instance:com.aut.qa.testScripts.HomePageTest@29b5cd00]" name="tearDown" is-config="true" duration-ms="140" started-at="2019-10-30T12:46:08 IST" finished-at="2019-10-30T12:46:08 IST">
          <reporter-output>
          </reporter-output>
        </test-method> <!-- tearDown -->
        <test-method status="PASS" signature="setUp()[pri:0, instance:com.aut.qa.testScripts.HomePageTest@29b5cd00]" name="setUp" is-config="true" duration-ms="17887" started-at="2019-10-30T12:46:08 IST" finished-at="2019-10-30T12:46:26 IST">
          <reporter-output>
          </reporter-output>
        </test-method> <!-- setUp -->
        <test-method status="PASS" signature="UserNameDisplayTest()[pri:1, instance:com.aut.qa.testScripts.HomePageTest@29b5cd00]" name="UserNameDisplayTest" duration-ms="55" started-at="2019-10-30T12:46:26 IST" finished-at="2019-10-30T12:46:26 IST">
          <reporter-output>
          </reporter-output>
        </test-method> <!-- UserNameDisplayTest -->
        <test-method status="PASS" signature="tearDown()[pri:0, instance:com.aut.qa.testScripts.HomePageTest@29b5cd00]" name="tearDown" is-config="true" duration-ms="114" started-at="2019-10-30T12:46:26 IST" finished-at="2019-10-30T12:46:26 IST">
          <reporter-output>
          </reporter-output>
        </test-method> <!-- tearDown -->
        <test-method status="PASS" signature="setUp()[pri:0, instance:com.aut.qa.testScripts.HomePageTest@29b5cd00]" name="setUp" is-config="true" duration-ms="20572" started-at="2019-10-30T12:46:26 IST" finished-at="2019-10-30T12:46:47 IST">
          <reporter-output>
          </reporter-output>
        </test-method> <!-- setUp -->
        <test-method status="PASS" signature="verifyUserNametest()[pri:2, instance:com.aut.qa.testScripts.HomePageTest@29b5cd00]" name="verifyUserNametest" duration-ms="53" started-at="2019-10-30T12:46:47 IST" finished-at="2019-10-30T12:46:47 IST">
          <reporter-output>
          </reporter-output>
        </test-method> <!-- verifyUserNametest -->
        <test-method status="PASS" signature="tearDown()[pri:0, instance:com.aut.qa.testScripts.HomePageTest@29b5cd00]" name="tearDown" is-config="true" duration-ms="140" started-at="2019-10-30T12:46:47 IST" finished-at="2019-10-30T12:46:47 IST">
          <reporter-output>
          </reporter-output>
        </test-method> <!-- tearDown -->
      </class> <!-- com.aut.qa.testScripts.HomePageTest -->
      <class name="com.aut.qa.testScripts.LoginPageTest">
        <test-method status="PASS" signature="setUp()[pri:0, instance:com.aut.qa.testScripts.LoginPageTest@e874448]" name="setUp" is-config="true" duration-ms="11632" started-at="2019-10-30T12:44:54 IST" finished-at="2019-10-30T12:45:05 IST">
          <reporter-output>
          </reporter-output>
        </test-method> <!-- setUp -->
        <test-method status="PASS" signature="loginPagetitleTest()[pri:0, instance:com.aut.qa.testScripts.LoginPageTest@e874448]" name="loginPagetitleTest" duration-ms="13" started-at="2019-10-30T12:45:05 IST" finished-at="2019-10-30T12:45:05 IST">
          <reporter-output>
          </reporter-output>
        </test-method> <!-- loginPagetitleTest -->
        <test-method status="PASS" signature="tearDown()[pri:0, instance:com.aut.qa.testScripts.LoginPageTest@e874448]" name="tearDown" is-config="true" duration-ms="150" started-at="2019-10-30T12:45:05 IST" finished-at="2019-10-30T12:45:06 IST">
          <reporter-output>
          </reporter-output>
        </test-method> <!-- tearDown -->
        <test-method status="PASS" signature="setUp()[pri:0, instance:com.aut.qa.testScripts.LoginPageTest@e874448]" name="setUp" is-config="true" duration-ms="7094" started-at="2019-10-30T12:45:06 IST" finished-at="2019-10-30T12:45:13 IST">
          <reporter-output>
          </reporter-output>
        </test-method> <!-- setUp -->
        <test-method status="PASS" signature="CRMImageTest()[pri:1, instance:com.aut.qa.testScripts.LoginPageTest@e874448]" name="CRMImageTest" duration-ms="42" started-at="2019-10-30T12:45:13 IST" finished-at="2019-10-30T12:45:13 IST">
          <reporter-output>
          </reporter-output>
        </test-method> <!-- CRMImageTest -->
        <test-method status="PASS" signature="tearDown()[pri:0, instance:com.aut.qa.testScripts.LoginPageTest@e874448]" name="tearDown" is-config="true" duration-ms="142" started-at="2019-10-30T12:45:13 IST" finished-at="2019-10-30T12:45:13 IST">
          <reporter-output>
          </reporter-output>
        </test-method> <!-- tearDown -->
        <test-method status="PASS" signature="setUp()[pri:0, instance:com.aut.qa.testScripts.LoginPageTest@e874448]" name="setUp" is-config="true" duration-ms="8010" started-at="2019-10-30T12:45:13 IST" finished-at="2019-10-30T12:45:21 IST">
          <reporter-output>
          </reporter-output>
        </test-method> <!-- setUp -->
        <test-method status="PASS" signature="loginTest()[pri:2, instance:com.aut.qa.testScripts.LoginPageTest@e874448]" name="loginTest" duration-ms="11155" started-at="2019-10-30T12:45:21 IST" finished-at="2019-10-30T12:45:32 IST">
          <reporter-output>
          </reporter-output>
        </test-method> <!-- loginTest -->
        <test-method status="PASS" signature="tearDown()[pri:0, instance:com.aut.qa.testScripts.LoginPageTest@e874448]" name="tearDown" is-config="true" duration-ms="142" started-at="2019-10-30T12:45:32 IST" finished-at="2019-10-30T12:45:32 IST">
          <reporter-output>
          </reporter-output>
        </test-method> <!-- tearDown -->
      </class> <!-- com.aut.qa.testScripts.LoginPageTest -->
      <class name="com.aut.qa.testScripts.ContactsPageTest">
        <test-method status="PASS" signature="setUp()[pri:0, instance:com.aut.qa.testScripts.ContactsPageTest@60285225]" name="setUp" is-config="true" duration-ms="19015" started-at="2019-10-30T12:46:47 IST" finished-at="2019-10-30T12:47:06 IST">
          <reporter-output>
          </reporter-output>
        </test-method> <!-- setUp -->
        <test-method status="PASS" signature="verifyContactsLabel()[pri:0, instance:com.aut.qa.testScripts.ContactsPageTest@60285225]" name="verifyContactsLabel" duration-ms="1120" started-at="2019-10-30T12:47:06 IST" finished-at="2019-10-30T12:47:07 IST">
          <reporter-output>
          </reporter-output>
        </test-method> <!-- verifyContactsLabel -->
        <test-method status="PASS" signature="tearDown()[pri:0, instance:com.aut.qa.testScripts.ContactsPageTest@60285225]" name="tearDown" is-config="true" duration-ms="118" started-at="2019-10-30T12:47:07 IST" finished-at="2019-10-30T12:47:07 IST">
          <reporter-output>
          </reporter-output>
        </test-method> <!-- tearDown -->
        <test-method status="PASS" signature="setUp()[pri:0, instance:com.aut.qa.testScripts.ContactsPageTest@60285225]" name="setUp" is-config="true" duration-ms="17984" started-at="2019-10-30T12:47:07 IST" finished-at="2019-10-30T12:47:25 IST">
          <reporter-output>
          </reporter-output>
        </test-method> <!-- setUp -->
        <test-method status="PASS" signature="selectContactsName()[pri:1, instance:com.aut.qa.testScripts.ContactsPageTest@60285225]" name="selectContactsName" duration-ms="1697" started-at="2019-10-30T12:47:25 IST" finished-at="2019-10-30T12:47:27 IST">
          <reporter-output>
          </reporter-output>
        </test-method> <!-- selectContactsName -->
        <test-method status="PASS" signature="tearDown()[pri:0, instance:com.aut.qa.testScripts.ContactsPageTest@60285225]" name="tearDown" is-config="true" duration-ms="116" started-at="2019-10-30T12:47:27 IST" finished-at="2019-10-30T12:47:27 IST">
          <reporter-output>
          </reporter-output>
        </test-method> <!-- tearDown -->
        <test-method status="PASS" signature="setUp()[pri:0, instance:com.aut.qa.testScripts.ContactsPageTest@60285225]" name="setUp" is-config="true" duration-ms="18486" started-at="2019-10-30T12:47:27 IST" finished-at="2019-10-30T12:47:46 IST">
          <reporter-output>
          </reporter-output>
        </test-method> <!-- setUp -->
        <test-method status="PASS" signature="validateCreateNewContact()[pri:2, instance:com.aut.qa.testScripts.ContactsPageTest@60285225]" name="validateCreateNewContact" duration-ms="2042" started-at="2019-10-30T12:47:46 IST" finished-at="2019-10-30T12:47:48 IST">
          <reporter-output>
          </reporter-output>
        </test-method> <!-- validateCreateNewContact -->
        <test-method status="PASS" signature="tearDown()[pri:0, instance:com.aut.qa.testScripts.ContactsPageTest@60285225]" name="tearDown" is-config="true" duration-ms="120" started-at="2019-10-30T12:47:48 IST" finished-at="2019-10-30T12:47:48 IST">
          <reporter-output>
          </reporter-output>
        </test-method> <!-- tearDown -->
      </class> <!-- com.aut.qa.testScripts.ContactsPageTest -->
    </test> <!-- Automation Scripts -->
  </suite> <!-- CRM Automation -->
</testng-results>
