<?xml version="1.0" encoding="UTF-8"?>
<testng-results skipped="0" failed="0" ignored="0" total="1" passed="1">
  <reporter-output>
  </reporter-output>
  <suite name="Default suite" duration-ms="26083" started-at="2019-10-03T02:28:53 IST" finished-at="2019-10-03T02:29:19 IST">
    <groups>
    </groups>
    <test name="Default test" duration-ms="26083" started-at="2019-10-03T02:28:53 IST" finished-at="2019-10-03T02:29:19 IST">
      <class name="excelUtilityClassNaveen.Parameterization">
        <test-method status="PASS" signature="testParameterize()[pri:0, instance:excelUtilityClassNaveen.Parameterization@eec5a4a]" name="testParameterize" duration-ms="26052" started-at="2019-10-03T02:28:53 IST" finished-at="2019-10-03T02:29:19 IST">
          <reporter-output>
          </reporter-output>
        </test-method> <!-- testParameterize -->
      </class> <!-- excelUtilityClassNaveen.Parameterization -->
    </test> <!-- Default test -->
  </suite> <!-- Default suite -->
</testng-results>
