<?xml version="1.0" encoding="UTF-8"?>
<!-- Generated by org.testng.reporters.JUnitXMLReporter -->
<testsuite hostname="PUNasarkar7WJHC9.local" ignored="0" name="Default test" tests="3" failures="0" timestamp="2019-09-01T10:44:55 IST" time="0.057" errors="0">
  <testcase name="test1" time="0.007" classname="basicAnnotations.M1.Scenario_1"/>
  <testcase name="test2" time="0.001" classname="basicAnnotations.M1.Scenario_1"/>
  <testcase name="test3" time="0.001" classname="basicAnnotations.M1.Scenario_1"/>
</testsuite> <!-- Default test -->
