<?xml version="1.0" encoding="UTF-8"?>
<testng-results skipped="0" failed="0" ignored="0" total="1" passed="1">
  <reporter-output>
  </reporter-output>
  <suite name="Default suite" duration-ms="280412" started-at="2019-11-04T20:21:36 IST" finished-at="2019-11-04T20:26:16 IST">
    <groups>
    </groups>
    <test name="Default test" duration-ms="280412" started-at="2019-11-04T20:21:36 IST" finished-at="2019-11-04T20:26:16 IST">
      <class name="basicSelenium.BrokenLinksAndImages_18">
        <test-method status="PASS" signature="testMethodBrokenLinksandImages()[pri:0, instance:basicSelenium.BrokenLinksAndImages_18@3b0143d3]" name="testMethodBrokenLinksandImages" duration-ms="280380" started-at="2019-11-04T20:21:36 IST" finished-at="2019-11-04T20:26:16 IST">
          <reporter-output>
          </reporter-output>
        </test-method> <!-- testMethodBrokenLinksandImages -->
      </class> <!-- basicSelenium.BrokenLinksAndImages_18 -->
    </test> <!-- Default test -->
  </suite> <!-- Default suite -->
</testng-results>
