<?xml version="1.0" encoding="UTF-8"?>
<testng-results skipped="0" failed="0" ignored="0" total="1" passed="1">
  <reporter-output>
  </reporter-output>
  <suite name="Default suite" duration-ms="50" started-at="2019-09-19T00:21:22 IST" finished-at="2019-09-19T00:21:22 IST">
    <groups>
    </groups>
    <test name="Default test" duration-ms="50" started-at="2019-09-19T00:21:22 IST" finished-at="2019-09-19T00:21:22 IST">
      <class name="basicSelenium.ReadPropertiesFIle">
        <test-method status="PASS" signature="testMethod()[pri:0, instance:basicSelenium.ReadPropertiesFIle@67784306]" name="testMethod" duration-ms="11" started-at="2019-09-19T00:21:22 IST" finished-at="2019-09-19T00:21:22 IST">
          <reporter-output>
          </reporter-output>
        </test-method> <!-- testMethod -->
      </class> <!-- basicSelenium.ReadPropertiesFIle -->
    </test> <!-- Default test -->
  </suite> <!-- Default suite -->
</testng-results>
