<?xml version="1.0" encoding="UTF-8"?>
<testng-results skipped="0" failed="0" ignored="0" total="1" passed="1">
  <reporter-output>
  </reporter-output>
  <suite name="Default suite" duration-ms="49709499" started-at="2019-12-25T04:10:44 IST" finished-at="2019-12-25T17:59:14 IST">
    <groups>
    </groups>
    <test name="Default test" duration-ms="49709499" started-at="2019-12-25T04:10:44 IST" finished-at="2019-12-25T17:59:14 IST">
      <class name="seleniumGRID.Node1">
        <test-method status="PASS" signature="testMethod()[pri:0, instance:seleniumGRID.Node1@6e0e048a]" name="testMethod" duration-ms="49709375" started-at="2019-12-25T04:10:45 IST" finished-at="2019-12-25T17:59:14 IST">
          <reporter-output>
          </reporter-output>
        </test-method> <!-- testMethod -->
      </class> <!-- seleniumGRID.Node1 -->
    </test> <!-- Default test -->
  </suite> <!-- Default suite -->
</testng-results>
