<?xml version="1.0" encoding="UTF-8"?>
<testng-results skipped="0" failed="0" ignored="0" total="1" passed="1">
  <reporter-output>
  </reporter-output>
  <suite name="Default suite" duration-ms="10099" started-at="2019-09-15T22:38:53 IST" finished-at="2019-09-15T22:39:03 IST">
    <groups>
    </groups>
    <test name="Default test" duration-ms="10099" started-at="2019-09-15T22:38:53 IST" finished-at="2019-09-15T22:39:03 IST">
      <class name="testScripts.TC_MercuryTours_Login">
        <test-method status="PASS" signature="initialize()[pri:0, instance:testScripts.TC_MercuryTours_Login@3701eaf6]" name="initialize" is-config="true" duration-ms="1424" started-at="2019-09-15T22:38:53 IST" finished-at="2019-09-15T22:38:54 IST">
          <reporter-output>
          </reporter-output>
        </test-method> <!-- initialize -->
        <test-method status="PASS" signature="Script1()[pri:0, instance:testScripts.TC_MercuryTours_Login@3701eaf6]" name="Script1" duration-ms="8547" started-at="2019-09-15T22:38:54 IST" finished-at="2019-09-15T22:39:03 IST">
          <reporter-output>
          </reporter-output>
        </test-method> <!-- Script1 -->
        <test-method status="PASS" signature="tearDown()[pri:0, instance:testScripts.TC_MercuryTours_Login@3701eaf6]" name="tearDown" is-config="true" duration-ms="102" started-at="2019-09-15T22:39:03 IST" finished-at="2019-09-15T22:39:03 IST">
          <reporter-output>
          </reporter-output>
        </test-method> <!-- tearDown -->
      </class> <!-- testScripts.TC_MercuryTours_Login -->
    </test> <!-- Default test -->
  </suite> <!-- Default suite -->
</testng-results>
