<?xml version="1.0" encoding="UTF-8"?>
<!-- Generated by org.testng.reporters.JUnitXMLReporter -->
<testsuite hostname="PUNasarkar7WJHC9.local" ignored="0" name="Default test" tests="3" failures="0" timestamp="2019-10-06T01:19:53 IST" time="17.162" errors="0">
  <testcase name="testMethodDP" time="1.165" classname="testNGDataProvider_3.DataProviderTest"/>
  <testcase name="testMethodDP" time="1.406" classname="testNGDataProvider_3.DataProviderTest"/>
  <testcase name="testMethodDP" time="1.442" classname="testNGDataProvider_3.DataProviderTest"/>
</testsuite> <!-- Default test -->
