<?xml version="1.0" encoding="UTF-8"?>
<!-- Generated by org.testng.reporters.JUnitXMLReporter -->
<testsuite hostname="PUNasarkar7WJHC9.local" ignored="0" name="Default test" tests="5" failures="0" timestamp="2019-09-30T11:27:55 IST" time="0.051" errors="0">
  <testcase name="test" time="0.012" classname="testNG.InvocationCountTest"/>
  <testcase name="test" time="0.002" classname="testNG.InvocationCountTest"/>
  <testcase name="test" time="0.001" classname="testNG.InvocationCountTest"/>
  <testcase name="test" time="0.001" classname="testNG.InvocationCountTest"/>
  <testcase name="test" time="0.001" classname="testNG.InvocationCountTest"/>
</testsuite> <!-- Default test -->
