<?xml version="1.0" encoding="UTF-8"?>
<testng-results skipped="0" failed="0" ignored="0" total="1" passed="1">
  <reporter-output>
  </reporter-output>
  <suite name="Default suite" duration-ms="3012" started-at="2019-11-17T20:59:17 IST" finished-at="2019-11-17T20:59:20 IST">
    <groups>
    </groups>
    <test name="Default test" duration-ms="3012" started-at="2019-11-17T20:59:17 IST" finished-at="2019-11-17T20:59:20 IST">
      <class name="SikuliScriptTest">
        <test-method status="PASS" signature="YouTubeAutomate()[pri:0, instance:SikuliScriptTest@61ca2dfa]" name="YouTubeAutomate" duration-ms="2986" started-at="2019-11-17T20:59:17 IST" finished-at="2019-11-17T20:59:20 IST">
          <reporter-output>
          </reporter-output>
        </test-method> <!-- YouTubeAutomate -->
      </class> <!-- SikuliScriptTest -->
    </test> <!-- Default test -->
  </suite> <!-- Default suite -->
</testng-results>
