<?xml version="1.0" encoding="UTF-8"?>
<testng-results skipped="0" failed="0" ignored="0" total="1" passed="1">
  <reporter-output>
  </reporter-output>
  <suite name="Default suite" duration-ms="5692" started-at="2019-09-01T12:22:30 IST" finished-at="2019-09-01T12:22:35 IST">
    <groups>
    </groups>
    <test name="Default test" duration-ms="5692" started-at="2019-09-01T12:22:30 IST" finished-at="2019-09-01T12:22:35 IST">
      <class name="basicSelenium.SeleniumClass_1">
        <test-method status="PASS" signature="test1()[pri:0, instance:basicSelenium.SeleniumClass_1@3e9b1010]" name="test1" duration-ms="5657" started-at="2019-09-01T12:22:30 IST" finished-at="2019-09-01T12:22:35 IST">
          <reporter-output>
          </reporter-output>
        </test-method> <!-- test1 -->
      </class> <!-- basicSelenium.SeleniumClass_1 -->
    </test> <!-- Default test -->
  </suite> <!-- Default suite -->
</testng-results>
